[debug] [2025-10-06T08:45:14.337Z] ----------------------------------------------------------------------
[debug] [2025-10-06T08:45:14.339Z] Command:       C:\Program Files\nodejs\node.exe C:\Program Files\nodejs\node_modules\firebase-tools\lib\bin\firebase.js init
[debug] [2025-10-06T08:45:14.340Z] CLI Version:   14.18.0
[debug] [2025-10-06T08:45:14.340Z] Platform:      win32
[debug] [2025-10-06T08:45:14.340Z] Node Version:  v22.12.0
[debug] [2025-10-06T08:45:14.340Z] Time:          Mon Oct 06 2025 14:15:14 GMT+0530 (India Standard Time)
[debug] [2025-10-06T08:45:14.340Z] ----------------------------------------------------------------------
[debug] 
[debug] [2025-10-06T08:45:14.347Z] > command requires scopes: ["email","openid","https://www.googleapis.com/auth/cloudplatformprojects.readonly","https://www.googleapis.com/auth/firebase","https://www.googleapis.com/auth/cloud-platform"]
[debug] [2025-10-06T08:45:14.347Z] > authorizing via signed-in user (ayushverma7052515243@gmail.com)
[info] 
     ######## #### ########  ######## ########     ###     ######  ########
     ##        ##  ##     ## ##       ##     ##  ##   ##  ##       ##
     ######    ##  ########  ######   ########  #########  ######  ######
     ##        ##  ##    ##  ##       ##     ## ##     ##       ## ##
     ##       #### ##     ## ######## ########  ##     ##  ######  ########

You're about to initialize a Firebase project in this directory:

  C:\Users\devil\OneDrive\Desktop\Git Contribution\canonforces

[debug] [2025-10-06T08:46:57.276Z] ExitPromptError: User force closed the prompt with SIGINT
    at Interface.sigint (C:\Users\devil\AppData\Roaming\nvm\v22.12.0\node_modules\firebase-tools\node_modules\@inquirer\core\dist\commonjs\lib\create-prompt.js:101:37)
    at Interface.emit (node:events:524:28)
    at Interface.emit (node:domain:489:12)
    at [_ttyWrite] [as _ttyWrite] (node:internal/readline/interface:1124:18)
    at ReadStream.onkeypress (node:internal/readline/interface:263:20)
    at ReadStream.emit (node:events:536:35)
    at ReadStream.emit (node:domain:489:12)
    at emitKeys (node:internal/readline/utils:370:14)
    at emitKeys.next (<anonymous>)
    at ReadStream.onData (node:internal/readline/emitKeypressEvents:64:36)
[error] 
[error] Error: An unexpected error has occurred.
